
61. Printing statistics.

=== aes ===

   Number of wires:                 44
   Number of wire bits:             43
   Number of public wires:          42
   Number of public wire bits:      41
   Number of memories:               0
   Number of memory bits:            0
   Number of processes:              0
   Number of cells:                  2
     sky130_fd_sc_hd__a2111o_2       0
     sky130_fd_sc_hd__a2111oi_2      0
     sky130_fd_sc_hd__a211o_2        0
     sky130_fd_sc_hd__a211oi_2       0
     sky130_fd_sc_hd__a21bo_2        0
     sky130_fd_sc_hd__a21boi_2       0
     sky130_fd_sc_hd__a21o_2         0
     sky130_fd_sc_hd__a21oi_2        0
     sky130_fd_sc_hd__a221o_2        0
     sky130_fd_sc_hd__a221oi_2       0
     sky130_fd_sc_hd__a22o_2         0
     sky130_fd_sc_hd__a22oi_2        0
     sky130_fd_sc_hd__a2bb2o_2       0
     sky130_fd_sc_hd__a2bb2oi_2      0
     sky130_fd_sc_hd__a311o_2        0
     sky130_fd_sc_hd__a311oi_2       0
     sky130_fd_sc_hd__a31o_2         0
     sky130_fd_sc_hd__a31oi_2        0
     sky130_fd_sc_hd__a32o_2         0
     sky130_fd_sc_hd__a32oi_2        0
     sky130_fd_sc_hd__a41o_2         0
     sky130_fd_sc_hd__and2_2         0
     sky130_fd_sc_hd__and2b_2        0
     sky130_fd_sc_hd__and3_2         0
     sky130_fd_sc_hd__and3b_2        0
     sky130_fd_sc_hd__and4_2         0
     sky130_fd_sc_hd__and4b_2        0
     sky130_fd_sc_hd__and4bb_2       0
     sky130_fd_sc_hd__buf_1          0
     sky130_fd_sc_hd__dfrtp_2        1
     sky130_fd_sc_hd__dfstp_2        0
     sky130_fd_sc_hd__dfxtp_2        0
     sky130_fd_sc_hd__inv_2          0
     sky130_fd_sc_hd__mux2_2         0
     sky130_fd_sc_hd__mux4_2         0
     sky130_fd_sc_hd__nand2_2        0
     sky130_fd_sc_hd__nand2b_2       0
     sky130_fd_sc_hd__nand3_2        0
     sky130_fd_sc_hd__nand3b_2       0
     sky130_fd_sc_hd__nand4_2        0
     sky130_fd_sc_hd__nand4b_2       0
     sky130_fd_sc_hd__nor2_2         0
     sky130_fd_sc_hd__nor2b_2        0
     sky130_fd_sc_hd__nor3_2         1
     sky130_fd_sc_hd__nor3b_2        0
     sky130_fd_sc_hd__nor4_2         0
     sky130_fd_sc_hd__nor4b_2        0
     sky130_fd_sc_hd__o2111a_2       0
     sky130_fd_sc_hd__o2111ai_2      0
     sky130_fd_sc_hd__o211a_2        0
     sky130_fd_sc_hd__o211ai_2       0
     sky130_fd_sc_hd__o21a_2         0
     sky130_fd_sc_hd__o21ai_2        0
     sky130_fd_sc_hd__o21ba_2        0
     sky130_fd_sc_hd__o21bai_2       0
     sky130_fd_sc_hd__o221a_2        0
     sky130_fd_sc_hd__o221ai_2       0
     sky130_fd_sc_hd__o22a_2         0
     sky130_fd_sc_hd__o22ai_2        0
     sky130_fd_sc_hd__o2bb2a_2       0
     sky130_fd_sc_hd__o311a_2        0
     sky130_fd_sc_hd__o311ai_2       0
     sky130_fd_sc_hd__o31a_2         0
     sky130_fd_sc_hd__o31ai_2        0
     sky130_fd_sc_hd__o32a_2         0
     sky130_fd_sc_hd__o32ai_2        0
     sky130_fd_sc_hd__o41a_2         0
     sky130_fd_sc_hd__or2_2          0
     sky130_fd_sc_hd__or2b_2         0
     sky130_fd_sc_hd__or3_2          0
     sky130_fd_sc_hd__or3b_2         0
     sky130_fd_sc_hd__or4_2          0
     sky130_fd_sc_hd__or4b_2         0
     sky130_fd_sc_hd__or4bb_2        0
     sky130_fd_sc_hd__xnor2_2        0
     sky130_fd_sc_hd__xor2_2         0

   Chip area for module '\aes':    123.0

